#
# There is insufficient memory for the Java Runtime Environment to continue.
# Native memory allocation (mmap) failed to map 536870912 bytes for Failed to commit area from 0x0000000600a00000 to 0x0000000620a00000 of length 536870912.
# Possible reasons:
#   The system is out of physical RAM or swap space
#   The process is running with CompressedOops enabled, and the Java Heap may be blocking the growth of the native heap
# Possible solutions:
#   Reduce memory load on the system
#   Increase physical memory or swap space
#   Check if swap backing store is full
#   Decrease Java heap size (-Xmx/-Xms)
#   Decrease number of Java threads
#   Decrease Java thread stack sizes (-Xss)
#   Set larger code cache with -XX:ReservedCodeCacheSize=
# This output file may be truncated or incomplete.
#
#  Out of Memory Error (t:/workspace/open/src/hotspot/os/windows/os_windows.cpp:3301), pid=56920, tid=49844
#
# JRE version:  (13.0.1+9) (build )
# Java VM: Java HotSpot(TM) 64-Bit Server VM (13.0.1+9, mixed mode, aot, sharing, tiered, compressed oops, g1 gc, windows-amd64)
# No core dump will be written. Minidumps are not enabled by default on client versions of Windows
#

---------------  S U M M A R Y ------------

Command Line: -Dfile.encoding=Cp1252 pay.point.sample.SessionManager

Host: Intel(R) Core(TM) i7-2600 CPU @ 3.40GHz, 8 cores, 31G,  Windows 10 , 64 bit Build 17134 (10.0.17134.753)
Time: Sat Aug  5 08:28:46 2023 Eastern Daylight Time elapsed time: 0 seconds (0d 0h 0m 0s)

---------------  T H R E A D  ---------------

Current thread (0x000001f7db65b000):  JavaThread "Unknown thread" [_thread_in_vm, id=49844, stack(0x000000b336f00000,0x000000b337000000)]

Stack: [0x000000b336f00000,0x000000b337000000]
Native frames: (J=compiled Java code, j=interpreted, Vv=VM code, C=native code)
V  [jvm.dll+0x626eca]
V  [jvm.dll+0x772c6a]
V  [jvm.dll+0x77441f]
V  [jvm.dll+0x774a23]
V  [jvm.dll+0x24da58]
V  [jvm.dll+0x62438a]
V  [jvm.dll+0x618f75]
V  [jvm.dll+0x30c61c]
V  [jvm.dll+0x30c452]
V  [jvm.dll+0x311bc6]
V  [jvm.dll+0x355ce6]
V  [jvm.dll+0x3554c0]
V  [jvm.dll+0x2e729a]
V  [jvm.dll+0x2e8532]
V  [jvm.dll+0x74fcd8]
V  [jvm.dll+0x363739]
V  [jvm.dll+0x732dc5]
V  [jvm.dll+0x3ce2ef]
V  [jvm.dll+0x3d0611]
C  [jli.dll+0x51ff]
C  [ucrtbase.dll+0x1e3fe]
C  [KERNEL32.DLL+0x14034]
C  [ntdll.dll+0x73691]


---------------  P R O C E S S  ---------------

Threads class SMR info:
_java_thread_list=0x00007ffbe31046b8, length=0, elements={
}

Java Threads: ( => current thread )

Other Threads:
  0x000001f7db6e1000 GCTaskThread "GC Thread#0" [stack: 0x000000b337000000,0x000000b337100000] [id=13624]
  0x000001f7db705000 ConcurrentGCThread "G1 Main Marker" [stack: 0x000000b337100000,0x000000b337200000] [id=29724]
  0x000001f7db706800 ConcurrentGCThread "G1 Conc#0" [stack: 0x000000b337200000,0x000000b337300000] [id=53324]

[error occurred during error reporting (printing all threads), id 0xc0000005, EXCEPTION_ACCESS_VIOLATION (0xc0000005) at pc=0x00007ffbe2936f67]

VM state:not at safepoint (not fully initialized)

VM Mutex/Monitor currently owned by a thread:  ([mutex/lock_event])
[0x000001f7db6578d0] Heap_lock - owner thread: 0x000001f7db65b000

Heap address: 0x0000000600a00000, size: 8182 MB, Compressed Oops mode: Non-zero based: 0x0000000600a00000
Narrow klass base: 0x0000000000000000, Narrow klass shift: 0

GC Heap History (0 events):
No events

Deoptimization events (0 events):
No events

Classes unloaded (0 events):
No events

Classes redefined (0 events):
No events

Internal exceptions (0 events):
No events

Events (8 events):
Event: 0.008 Loaded shared library C:\Program Files\Java\jdk-13.0.1\bin\zip.dll
Event: 0.009 Loaded shared library C:\Program Files\Java\jdk-13.0.1\bin\jimage.dll
Event: 0.011 Loading shared library C:\Program Files\Java\jdk-13.0.1\lib\libjava.base-coop.dll failed, error code 126
Event: 0.011 Loading shared library C:\Program Files\Java\jdk-13.0.1\lib\libjava.logging-coop.dll failed, error code 126
Event: 0.011 Loading shared library C:\Program Files\Java\jdk-13.0.1\lib\libjdk.compiler-coop.dll failed, error code 126
Event: 0.011 Loading shared library C:\Program Files\Java\jdk-13.0.1\lib\libjdk.scripting.nashorn-coop.dll failed, error code 126
Event: 0.011 Loading shared library C:\Program Files\Java\jdk-13.0.1\lib\libjdk.internal.vm.ci-coop.dll failed, error code 126
Event: 0.011 Loading shared library C:\Program Files\Java\jdk-13.0.1\lib\libjdk.internal.vm.compiler-coop.dll failed, error code 126


Dynamic libraries:
0x00007ff6011b0000 - 0x00007ff6011bf000 	C:\Program Files\Java\jdk-13.0.1\bin\javaw.exe
0x00007ffc3e850000 - 0x00007ffc3ea31000 	C:\WINDOWS\SYSTEM32\ntdll.dll
0x00007ffc3cb70000 - 0x00007ffc3cc21000 	C:\WINDOWS\System32\KERNEL32.DLL
0x00007ffc3b760000 - 0x00007ffc3b9d3000 	C:\WINDOWS\System32\KERNELBASE.dll
0x00007ffc3bbd0000 - 0x00007ffc3bcc8000 	C:\WINDOWS\System32\ucrtbase.dll
0x00007ffc2dac0000 - 0x00007ffc2dad5000 	C:\Program Files\Java\jdk-13.0.1\bin\VCRUNTIME140.dll
0x00007ffc2daa0000 - 0x00007ffc2dab8000 	C:\Program Files\Java\jdk-13.0.1\bin\jli.dll
0x00007ffc3c880000 - 0x00007ffc3c921000 	C:\WINDOWS\System32\ADVAPI32.dll
0x00007ffc3c4b0000 - 0x00007ffc3c54e000 	C:\WINDOWS\System32\msvcrt.dll
0x00007ffc3d130000 - 0x00007ffc3d18b000 	C:\WINDOWS\System32\sechost.dll
0x00007ffc3c380000 - 0x00007ffc3c4a4000 	C:\WINDOWS\System32\RPCRT4.dll
0x00007ffc3bcd0000 - 0x00007ffc3be60000 	C:\WINDOWS\System32\USER32.dll
0x00007ffc2d690000 - 0x00007ffc2d8f9000 	C:\WINDOWS\WinSxS\amd64_microsoft.windows.common-controls_6595b64144ccf1df_6.0.17134.1304_none_d3fbe61b7c93d9f0\COMCTL32.dll
0x00007ffc3adf0000 - 0x00007ffc3ae10000 	C:\WINDOWS\System32\win32u.dll
0x00007ffc3c550000 - 0x00007ffc3c871000 	C:\WINDOWS\System32\combase.dll
0x00007ffc3c1f0000 - 0x00007ffc3c218000 	C:\WINDOWS\System32\GDI32.dll
0x00007ffc3ac70000 - 0x00007ffc3ace9000 	C:\WINDOWS\System32\bcryptPrimitives.dll
0x00007ffc3b5c0000 - 0x00007ffc3b751000 	C:\WINDOWS\System32\gdi32full.dll
0x00007ffc3ae10000 - 0x00007ffc3aeaf000 	C:\WINDOWS\System32\msvcp_win.dll
0x00007ffc32ec0000 - 0x00007ffc32eca000 	C:\WINDOWS\SYSTEM32\VERSION.dll
0x00007ffc3c9b0000 - 0x00007ffc3c9dd000 	C:\WINDOWS\System32\IMM32.DLL
0x00007ffc18420000 - 0x00007ffc184bb000 	C:\Program Files\Java\jdk-13.0.1\bin\msvcp140.dll
0x00007ffbe2640000 - 0x00007ffbe31a6000 	C:\Program Files\Java\jdk-13.0.1\bin\server\jvm.dll
0x00007ffc3c9e0000 - 0x00007ffc3c9e8000 	C:\WINDOWS\System32\PSAPI.DLL
0x00007ffc39030000 - 0x00007ffc39039000 	C:\WINDOWS\SYSTEM32\WSOCK32.dll
0x00007ffc37680000 - 0x00007ffc376a3000 	C:\WINDOWS\SYSTEM32\WINMM.dll
0x00007ffc3c180000 - 0x00007ffc3c1ec000 	C:\WINDOWS\System32\WS2_32.dll
0x00007ffc37530000 - 0x00007ffc3755a000 	C:\WINDOWS\SYSTEM32\winmmbase.dll
0x00007ffc3acf0000 - 0x00007ffc3ad39000 	C:\WINDOWS\System32\cfgmgr32.dll
0x00007ffc3abe0000 - 0x00007ffc3abf1000 	C:\WINDOWS\System32\kernel.appcore.dll
0x00007ffc36980000 - 0x00007ffc36990000 	C:\Program Files\Java\jdk-13.0.1\bin\verify.dll
0x00007ffc38e60000 - 0x00007ffc39029000 	C:\WINDOWS\SYSTEM32\DBGHELP.DLL
0x00007ffc38b20000 - 0x00007ffc38b49000 	C:\WINDOWS\SYSTEM32\dbgcore.DLL
0x00007ffc2d660000 - 0x00007ffc2d686000 	C:\Program Files\Java\jdk-13.0.1\bin\java.dll
0x00007ffc2c3c0000 - 0x00007ffc2c3d7000 	C:\Program Files\Java\jdk-13.0.1\bin\zip.dll
0x00007ffc32700000 - 0x00007ffc3270a000 	C:\Program Files\Java\jdk-13.0.1\bin\jimage.dll

dbghelp: loaded successfully - version: 4.0.5 - missing functions: none
symbol engine: initialized successfully - sym options: 0x614 - pdb path: .;C:\Program Files\Java\jdk-13.0.1\bin;C:\WINDOWS\SYSTEM32;C:\WINDOWS\WinSxS\amd64_microsoft.windows.common-controls_6595b64144ccf1df_6.0.17134.1304_none_d3fbe61b7c93d9f0;C:\Program Files\Java\jdk-13.0.1\bin\server

VM Arguments:
jvm_args: -Dfile.encoding=Cp1252 
java_command: pay.point.sample.SessionManager
java_class_path (initial): C:\Users\root\eclipse-workspace\VerifoneProject\bin;C:\Users\root\eclipse-workspace\VerifoneProject\src\pay\point\sample\jakarta.xml.bind.jar;C:\Users\root\eclipse-workspace\VerifoneProject\src\pay\point\sample\javax.activation-api-1.2.0.jar;C:\Users\root\eclipse-workspace\VerifoneProject\src\pay\point\sample\jaxb-api-2.3.0.jar;C:\Users\root\eclipse-workspace\VerifoneProject\src\pay\point\sample\jaxb-api-2.3.1.jar
Launcher Type: SUN_STANDARD

[Global flags]
     intx CICompilerCount                          = 4                                         {product} {ergonomic}
     uint ConcGCThreads                            = 2                                         {product} {ergonomic}
     uint G1ConcRefinementThreads                  = 8                                         {product} {ergonomic}
   size_t G1HeapRegionSize                         = 2097152                                   {product} {ergonomic}
    uintx GCDrainStackTargetSize                   = 64                                        {product} {ergonomic}
   size_t InitialHeapSize                          = 536870912                                 {product} {ergonomic}
   size_t MarkStackSize                            = 4194304                                   {product} {ergonomic}
   size_t MaxHeapSize                              = 8579448832                                {product} {ergonomic}
   size_t MinHeapDeltaBytes                        = 2097152                                   {product} {ergonomic}
   size_t MinHeapSize                              = 8388608                                   {product} {ergonomic}
    uintx NonNMethodCodeHeapSize                   = 5836300                                {pd product} {ergonomic}
    uintx NonProfiledCodeHeapSize                  = 122910970                              {pd product} {ergonomic}
    uintx ProfiledCodeHeapSize                     = 122910970                              {pd product} {ergonomic}
    uintx ReservedCodeCacheSize                    = 251658240                              {pd product} {ergonomic}
     bool SegmentedCodeCache                       = true                                      {product} {ergonomic}
   size_t SoftMaxHeapSize                          = 8579448832                             {manageable} {ergonomic}
     bool UseCompressedClassPointers               = true                                 {lp64_product} {ergonomic}
     bool UseCompressedOops                        = true                                 {lp64_product} {ergonomic}
     bool UseG1GC                                  = true                                      {product} {ergonomic}
     bool UseLargePagesIndividualAllocation        = false                                  {pd product} {ergonomic}

Logging:
Log output configuration:
 #0: stdout all=warning uptime,level,tags
 #1: stderr all=off uptime,level,tags

Environment Variables:
PATH=C:/Program Files/Java/jdk-13.0.1/bin/server;C:/Program Files/Java/jdk-13.0.1/bin;C:\Program Files\Common Files\Oracle\Java\javapath;C:\WINDOWS\system32;C:\WINDOWS;C:\WINDOWS\System32\Wbem;C:\WINDOWS\System32\WindowsPowerShell\v1.0\;C:\Program Files (x86)\PuTTY\;C:\WINDOWS\System32\OpenSSH\;C:\Program Files\dotnet\;C:\Users\root\AppData\Local\Programs\Python\Python36-32\Scripts\;C:\Users\root\AppData\Local\Programs\Python\Python36-32\;C:\Users\root\AppData\Local\Microsoft\WindowsApps;C:\Users\root\AppData\Local\GitHubDesktop\bin;C:\Users\root\AppData\Local\Programs\Microsoft VS Code\bin;C:\Users\root\.dotnet\tools;C:\Users\root\eclipse\jee-2020-12\eclipse;
USERNAME=root
OS=Windows_NT
PROCESSOR_IDENTIFIER=Intel64 Family 6 Model 42 Stepping 7, GenuineIntel



---------------  S Y S T E M  ---------------

OS: Windows 10 , 64 bit Build 17134 (10.0.17134.753)

CPU:total 8 (initial active 8) (4 cores per cpu, 2 threads per core) family 6 model 42 stepping 7, cmov, cx8, fxsr, mmx, sse, sse2, sse3, ssse3, sse4.1, sse4.2, popcnt, avx, aes, clmul, ht, tsc, tscinvbit

Memory: 4k page, system-wide physical 32725M (8185M free)
TotalPageFile size 46850M (AvailPageFile size 116M)
current process WorkingSet (physical memory assigned to process): 10M, peak: 10M
current process commit charge ("private bytes"): 61M, peak: 573M

vm_info: Java HotSpot(TM) 64-Bit Server VM (13.0.1+9) for windows-amd64 JRE (13.0.1+9), built on Oct  6 2019 12:37:49 by "mach5one" with unknown MS VC++:1916

END.
